android/app/build/intermediates/manifest_merge_blame_file/debug/manifest-merger-blame-debug-report.txt
1<?xml version="1.0" encoding="utf-8"?>
2<manifest xmlns:android="http://schemas.android.com/apk/res/android"
3    package="com.my_gogol"
4    android:versionCode="1"
5    android:versionName="1.0" >
6
7    <uses-sdk
8        android:minSdkVersion="21"
9        android:targetSdkVersion="31" />
10
11    <uses-permission android:name="android.permission.SYSTEM_ALERT_WINDOW" />
11-->src/debug/AndroidManifest.xml:5:5-77
11-->src/debug/AndroidManifest.xml:5:22-75
12    <uses-permission android:name="android.permission.INTERNET" />
12-->src/main/AndroidManifest.xml:4:5-67
12-->src/main/AndroidManifest.xml:4:22-64
13    <uses-permission android:name="android.permission.ACCESS_WIFI_STATE" />
13-->[com.facebook.flipper:flipper:0.125.0] AndroidManifest.xml:16:5-76
13-->[com.facebook.flipper:flipper:0.125.0] AndroidManifest.xml:16:22-73
14
15    <application
15-->src/main/AndroidManifest.xml:6:5-25:19
16        android:name="com.my_gogol.MainApplication"
16-->src/main/AndroidManifest.xml:7:7-38
17        android:allowBackup="false"
17-->src/main/AndroidManifest.xml:11:7-34
18        android:appComponentFactory="androidx.core.app.CoreComponentFactory"
18-->[androidx.core:core:1.5.0] AndroidManifest.xml:24:18-86
19        android:debuggable="true"
20        android:icon="@mipmap/ic_launcher"
20-->src/main/AndroidManifest.xml:9:7-41
21        android:label="@string/app_name"
21-->src/main/AndroidManifest.xml:8:7-39
22        android:roundIcon="@mipmap/ic_launcher_round"
22-->src/main/AndroidManifest.xml:10:7-52
23        android:theme="@style/AppTheme"
23-->src/main/AndroidManifest.xml:12:7-38
24        android:usesCleartextTraffic="true" >
24-->src/debug/AndroidManifest.xml:8:9-44
25        <activity
25-->src/debug/AndroidManifest.xml:11:9-111
26            android:name="com.facebook.react.devsupport.DevSettingsActivity"
26-->src/debug/AndroidManifest.xml:11:19-83
27            android:exported="false" />
27-->src/debug/AndroidManifest.xml:11:84-108
28        <activity
28-->src/main/AndroidManifest.xml:13:7-24:18
29            android:name="com.my_gogol.MainActivity"
29-->src/main/AndroidManifest.xml:14:9-37
30            android:configChanges="keyboard|keyboardHidden|orientation|screenLayout|screenSize|smallestScreenSize|uiMode"
30-->src/main/AndroidManifest.xml:16:9-118
31            android:exported="true"
31-->src/main/AndroidManifest.xml:19:9-32
32            android:label="@string/app_name"
32-->src/main/AndroidManifest.xml:15:9-41
33            android:launchMode="singleTask"
33-->src/main/AndroidManifest.xml:17:9-40
34            android:windowSoftInputMode="adjustResize" >
34-->src/main/AndroidManifest.xml:18:9-51
35            <intent-filter>
35-->src/main/AndroidManifest.xml:20:9-23:25
36                <action android:name="android.intent.action.MAIN" />
36-->src/main/AndroidManifest.xml:21:13-65
36-->src/main/AndroidManifest.xml:21:21-62
37
38                <category android:name="android.intent.category.LAUNCHER" />
38-->src/main/AndroidManifest.xml:22:13-73
38-->src/main/AndroidManifest.xml:22:23-70
39            </intent-filter>
40        </activity>
41        <activity
41-->[com.google.android.gms:play-services-auth:19.2.0] AndroidManifest.xml:23:9-27:75
42            android:name="com.google.android.gms.auth.api.signin.internal.SignInHubActivity"
42-->[com.google.android.gms:play-services-auth:19.2.0] AndroidManifest.xml:24:13-93
43            android:excludeFromRecents="true"
43-->[com.google.android.gms:play-services-auth:19.2.0] AndroidManifest.xml:25:13-46
44            android:exported="false"
44-->[com.google.android.gms:play-services-auth:19.2.0] AndroidManifest.xml:26:13-37
45            android:theme="@android:style/Theme.Translucent.NoTitleBar" />
45-->[com.google.android.gms:play-services-auth:19.2.0] AndroidManifest.xml:27:13-72
46        <!--
47            Service handling Google Sign-In user revocation. For apps that do not integrate with
48            Google Sign-In, this service will never be started.
49        -->
50        <service
50-->[com.google.android.gms:play-services-auth:19.2.0] AndroidManifest.xml:33:9-37:51
51            android:name="com.google.android.gms.auth.api.signin.RevocationBoundService"
51-->[com.google.android.gms:play-services-auth:19.2.0] AndroidManifest.xml:34:13-89
52            android:exported="true"
52-->[com.google.android.gms:play-services-auth:19.2.0] AndroidManifest.xml:35:13-36
53            android:permission="com.google.android.gms.auth.api.signin.permission.REVOCATION_NOTIFICATION"
53-->[com.google.android.gms:play-services-auth:19.2.0] AndroidManifest.xml:36:13-107
54            android:visibleToInstantApps="true" />
54-->[com.google.android.gms:play-services-auth:19.2.0] AndroidManifest.xml:37:13-48
55
56        <activity
56-->[com.google.android.gms:play-services-base:17.5.0] AndroidManifest.xml:23:9-26:75
57            android:name="com.google.android.gms.common.api.GoogleApiActivity"
57-->[com.google.android.gms:play-services-base:17.5.0] AndroidManifest.xml:24:13-79
58            android:exported="false"
58-->[com.google.android.gms:play-services-base:17.5.0] AndroidManifest.xml:25:13-37
59            android:theme="@android:style/Theme.Translucent.NoTitleBar" />
59-->[com.google.android.gms:play-services-base:17.5.0] AndroidManifest.xml:26:13-72
60
61        <meta-data
61-->[com.google.android.gms:play-services-basement:17.5.0] AndroidManifest.xml:23:9-25:69
62            android:name="com.google.android.gms.version"
62-->[com.google.android.gms:play-services-basement:17.5.0] AndroidManifest.xml:24:13-58
63            android:value="@integer/google_play_services_version" />
63-->[com.google.android.gms:play-services-basement:17.5.0] AndroidManifest.xml:25:13-66
64    </application>
65
66</manifest>